<?xml version="1.0" encoding="UTF-8"?>
<!-- Generated by org.testng.reporters.JUnitReportReporter -->
<testsuite hostname="DESKTOP-A7GJ5DU" failures="0" tests="1" name="testCases.TC002_AccountLoginTest" time="5.692" errors="0" timestamp="2024-11-12T11:11:38 IST" skipped="0">
  <testcase classname="testCases.TC002_AccountLoginTest" name="verify_MyAccount_login" time="5.692"/>
</testsuite> <!-- testCases.TC002_AccountLoginTest -->
