<?xml version="1.0" encoding="UTF-8"?>
<!-- Generated by org.testng.reporters.JUnitReportReporter -->
<testsuite hostname="DESKTOP-A7GJ5DU" failures="0" tests="1" name="testCases.TC001_AccountRegistrationTest" time="17.679" errors="0" timestamp="2024-11-12T11:11:38 IST" skipped="0">
  <testcase classname="testCases.TC001_AccountRegistrationTest" name="verify_account_registration" time="17.679"/>
</testsuite> <!-- testCases.TC001_AccountRegistrationTest -->
