<?xml version="1.0" encoding="UTF-8"?>
<!-- Generated by org.testng.reporters.JUnitReportReporter -->
<testsuite hostname="DESKTOP-A7GJ5DU" failures="0" tests="1" name="testCases.TC002_AccountLoginTest" time="2.972" errors="0" timestamp="2024-11-15T11:32:09 IST" skipped="0">
  <testcase classname="testCases.TC002_AccountLoginTest" name="verify_MyAccount_login" time="2.972"/>
</testsuite> <!-- testCases.TC002_AccountLoginTest -->
